{
  "comments": [
    {
      "unresolved": false,
      "key": {
        "uuid": "e22538ef_56c02b5a",
        "filename": "/PATCHSET_LEVEL",
        "patchSetId": 3
      },
      "lineNbr": 0,
      "author": {
        "id": 1431492
      },
      "writtenOn": "2022-03-16T23:00:29Z",
      "side": 1,
      "message": "Please tast unit test: ./fast_build.sh -T\nIf it is ok, add \n\nTEST\u003dTast unit test passed \n\nto the comment message.\n\nThanks.\n",
      "revId": "dd09965c8575d1476bdb2041bf4878f1c1dd8c6e",
      "serverId": "3ce6091f-6c88-37e8-8c75-72f92ae8dfba"
    },
    {
      "unresolved": true,
      "key": {
        "uuid": "01ff4312_29c24786",
        "filename": "/PATCHSET_LEVEL",
        "patchSetId": 3
      },
      "lineNbr": 0,
      "author": {
        "id": 1366764
      },
      "writtenOn": "2022-03-17T06:24:42Z",
      "side": 1,
      "message": "Hi,\n\nWhen we run this \"./fast_build.sh -T\" inside cros_sdk under \"~/chromiumos/src/platform/tast\" path, it is getting failed and I guess these are failures not related to our CL. \n\nCan you please share some links on how to run this fast_build?",
      "parentUuid": "e22538ef_56c02b5a",
      "revId": "dd09965c8575d1476bdb2041bf4878f1c1dd8c6e",
      "serverId": "3ce6091f-6c88-37e8-8c75-72f92ae8dfba"
    },
    {
      "unresolved": true,
      "key": {
        "uuid": "07c011c2_9cb516be",
        "filename": "/PATCHSET_LEVEL",
        "patchSetId": 3
      },
      "lineNbr": 0,
      "author": {
        "id": 1431492
      },
      "writtenOn": "2022-03-17T06:41:09Z",
      "side": 1,
      "message": "What error did you get? \n\nThis?\n\n```\n$ ./fast_build.sh -T\nok  \tchromiumos/tast/autocaps\t(cached)\n# chromiumos/tast/remote/bundles/crosint/hps\n../tast-tests-private/src/chromiumos/tast/remote/bundles/crosint/hps/camerabox_presence.go:101:20: assignment mismatch: 3 variables but chart.New returns 2 values\n../tast-tests-private/src/chromiumos/tast/remote/bundles/crosint/hps/camerabox_presence.go:101:60: cannot use filePaths (type []string) as type string in argument to chart.New\nok  \tchromiumos/tast/cmd/tast\t0.408s\n\n```\n\nIf so, just do a \"git pull --rebase\" in the tast-tests repo. I got the same error today. The unit test passed after I rebased.\n\nIf not, please let me know what the error is. Thanks.",
      "parentUuid": "01ff4312_29c24786",
      "revId": "dd09965c8575d1476bdb2041bf4878f1c1dd8c6e",
      "serverId": "3ce6091f-6c88-37e8-8c75-72f92ae8dfba"
    },
    {
      "unresolved": true,
      "key": {
        "uuid": "de261b1e_f37aba8f",
        "filename": "/PATCHSET_LEVEL",
        "patchSetId": 3
      },
      "lineNbr": 0,
      "author": {
        "id": 1366764
      },
      "writtenOn": "2022-03-17T07:10:23Z",
      "side": 1,
      "message": "PFB the log. Due to comment size restriction, pasting only initial half of logs. \n\n```\n(cr) ((6e6b3bcc...)) amm@amm-nuc ~/chromiumos/src/platform/tast $ ./fast_build.sh -T\nok  \tchromiumos/tast/autocaps\t(cached)\nok  \tchromiumos/tast/cmd/tast\t(cached)\nok  \tchromiumos/tast/cmd/tast/internal/build\t(cached)\nok  \tchromiumos/tast/cmd/tast/internal/display\t(cached)\n--- FAIL: TestRun (0.14s)\n    context.go:83: Connecting to 127.0.0.1:40201\n    context.go:74: Getting DUT info\n    run_test.go:64: Run failed: failed to build and push: failed to prepare primary DUT 127.0.0.1:40201: failed to retrieve DUT info: getting DUT info: ssh: command exec env http_proxy\u003dINTEL-PROXY-MASKED https_proxy\u003dINTEL-PROXY-MASKED no_proxy\u003dINTEL-PROXY-MASKED, localhost,.local,127.0.0.0/8 /fake/mock_local_test_runner -rpc failed\n    run_test.go:68: Results were not saved: stat /tmp/tast.1537605592/tast/results/latest/results.json: no such file or directory\n--- FAIL: TestRunNoTestToRun (0.08s)\n    context.go:83: Connecting to 127.0.0.1:44517\n    context.go:74: Getting DUT info\n    run_test.go:82: Run failed: failed to build and push: failed to prepare primary DUT 127.0.0.1:44517: failed to retrieve DUT info: getting DUT info: ssh: command exec env http_proxy\u003dINTEL-PROXY-MASKED https_proxy\u003dINTEL-PROXY-MASKED no_proxy\u003dINTEL-PROXY-MASKED, localhost,.local,127.0.0.0/8 /fake/mock_local_test_runner -rpc failed\n2022/03/17 12:04:50 Got error while handling connection: failed to handshake: [ssh: no auth passed yet, unknown public key for \"root\", unknown public key for \"root\"]\n2022/03/17 12:04:50 Got error while handling connection: failed to handshake: EOF\n--- FAIL: TestRunResults (0.06s)\n    context.go:83: Connecting to 127.0.0.1:42843\n    context.go:74: Getting DUT info\n    run_test.go:189: Run failed: failed to build and push: failed to prepare primary DUT 127.0.0.1:42843: failed to retrieve DUT info: getting DUT info: ssh: command exec env http_proxy\u003dINTEL-PROXY-MASKED https_proxy\u003dINTEL-PROXY-MASKED no_proxy\u003dINTEL-PROXY-MASKED, localhost,.local,127.0.0.0/8 /fake/mock_local_test_runner -rpc failed\n    run_test.go:251: Returned results mismatch (-got +want):\n          []*resultsjson.Result(\n        - \tnil,\n        + \t{\n        + \t\t\u0026{\n        + \t\t\tTest: resultsjson.Test{\n        + \t\t\t\tName:         \"local.Skip\",\n        + \t\t\t\tSoftwareDeps: []string{...},\n        + \t\t\t\tTimeout:      s\"1m0s\",\n        + \t\t\t\tBundle:       \"bundle\",\n        + \t\t\t},\n        + \t\t\tOutDir:     \"/tmp/tast.2182148162/tast/results/latest/tests/local.Skip\",\n        + \t\t\tSkipReason: \"missing SoftwareDeps: missing\",\n        + \t\t},\n        + \t\t\u0026{\n        + \t\t\tTest:   resultsjson.Test{Name: \"local.Fail\", Timeout: s\"1m0s\", Bundle: \"bundle\"},\n        + \t\t\tErrors: []resultsjson.Error{{...}},\n        + \t\t\tOutDir: \"/tmp/tast.2182148162/tast/results/latest/tests/local.Fail\",\n        + \t\t},\n        + \t\t\u0026{\n        + \t\t\tTest:   resultsjson.Test{Name: \"local.Pass\", Timeout: s\"1m0s\", Bundle: \"bundle\"},\n        + \t\t\tOutDir: \"/tmp/tast.2182148162/tast/results/latest/tests/local.Pass\",\n        + \t\t},\n        + \t\t\u0026{\n        + \t\t\tTest: resultsjson.Test{\n        + \t\t\t\tName:         \"remote.Skip\",\n        + \t\t\t\tSoftwareDeps: []string{...},\n        + \t\t\t\tTimeout:      s\"1m0s\",\n        + \t\t\t\tBundle:       \"bundle\",\n        + \t\t\t},\n        + \t\t\tOutDir:     \"/tmp/tast.2182148162/tast/results/latest/tests/remote.Skip\",\n        + \t\t\tSkipReason: \"missing SoftwareDeps: missing\",\n        + \t\t},\n        + \t\t\u0026{\n        + \t\t\tTest:   resultsjson.Test{Name: \"remote.Fail\", Timeout: s\"1m0s\", Bundle: \"bundle\"},\n        + \t\t\tErrors: []resultsjson.Error{{...}},\n        + \t\t\tOutDir: \"/tmp/tast.2182148162/tast/results/latest/tests/remote.Fail\",\n        + \t\t},\n        + \t\t\u0026{\n        + \t\t\tTest:   resultsjson.Test{Name: \"remote.Pass\", Timeout: s\"1m0s\", Bundle: \"bundle\"},\n        + \t\t\tOutDir: \"/tmp/tast.2182148162/tast/results/latest/tests/remote.Pass\",\n        + \t\t},\n        + \t},\n          )\n    run_test.go:256: Failed to read results.json: open /tmp/tast.2182148162/tast/results/latest/results.json: no such file or directory\n    run_test.go:265: Failed to read streamed_results.jsonl: open /tmp/tast.2182148162/tast/results/latest/streamed_results.jsonl: no such file or directory\n--- FAIL: TestRunLogs (0.16s)\n    context.go:83: Connecting to 127.0.0.1:36497\n    context.go:74: Getting DUT info\n    run_test.go:346: Run failed: failed to build and push: failed to prepare primary DUT 127.0.0.1:36497: failed to retrieve DUT info: getting DUT info: ssh: command exec env http_proxy\u003dINTEL-PROXY-MASKED https_proxy\u003dINTEL-PROXY-MASKED no_proxy\u003dINTEL-PROXY-MASKED, localhost,.local,127.0.0.0/8 /fake/mock_local_test_runner -rpc failed\n    run_test.go:379: Failed to read tests/local.Skip/log.txt: open /tmp/tast.2782625143/tast/results/latest/tests/local.Skip/log.txt: no such file or directory\n    run_test.go:379: Failed to read tests/local.Skip/log.txt: open /tmp/tast.2782625143/tast/results/latest/tests/local.Skip/log.txt: no such file or directory\n    run_test.go:379: Failed to read tests/local.Fail/log.txt: open /tmp/tast.2782625143/tast/results/latest/tests/local.Fail/log.txt: no such file or directory\n    run_test.go:379: Failed to read tests/local.Fail/log.txt: open /tmp/tast.2782625143/tast/results/latest/tests/local.Fail/log.txt: no such file or directory\n    run_test.go:379: Failed to read tests/local.Fail/log.txt: open /tmp/tast.2782625143/tast/results/latest/tests/local.Fail/log.txt: no such file or directory\n    run_test.go:379: Failed to read tests/local.Pass/log.txt: open /tmp/tast.2782625143/tast/results/latest/tests/local.Pass/log.txt: no such file or directory\n    run_test.go:379: Failed to read tests/local.Pass/log.txt: open /tmp/tast.2782625143/tast/results/latest/tests/local.Pass/log.txt: no such file or directory\n    run_test.go:379: Failed to read tests/local.Pass/log.txt: open /tmp/tast.2782625143/tast/results/latest/tests/local.Pass/log.txt: no such file or directory\n    run_test.go:379: Failed to read tests/remote.Skip/log.txt: open /tmp/tast.2782625143/tast/results/latest/tests/remote.Skip/log.txt: no such file or directory\n    run_test.go:379: Failed to read tests/remote.Skip/log.txt: open /tmp/tast.2782625143/tast/results/latest/tests/remote.Skip/log.txt: no such file or directory\n    run_test.go:379: Failed to read tests/remote.Fail/log.txt: open /tmp/tast.2782625143/tast/results/latest/tests/remote.Fail/log.txt: no such file or directory\n    run_test.go:379: Failed to read tests/remote.Fail/log.txt: open /tmp/tast.2782625143/tast/results/latest/tests/remote.Fail/log.txt: no such file or directory\n    run_test.go:379: Failed to read tests/remote.Fail/log.txt: open /tmp/tast.2782625143/tast/results/latest/tests/remote.Fail/log.txt: no such file or directory\n    run_test.go:379: Failed to read tests/remote.Pass/log.txt: open /tmp/tast.2782625143/tast/results/latest/tests/remote.Pass/log.txt: no such file or directory\n    run_test.go:379: Failed to read tests/remote.Pass/log.txt: open /tmp/tast.2782625143/tast/results/latest/tests/remote.Pass/log.txt: no such file or directory\n    run_test.go:379: Failed to read tests/remote.Pass/log.txt: open /tmp/tast.2782625143/tast/results/latest/tests/remote.Pass/log.txt: no such file or directory\n    run_test.go:417: Full logs doesn\u0027t contain \"Started test local.Skip\"\n    run_test.go:417: Full logs doesn\u0027t contain \"Skipped test local.Skip due to missing dependencies: missing SoftwareDeps: missing\"\n    run_test.go:417: Full logs doesn\u0027t contain \"Started test local.Pass\"\n    run_test.go:417: Full logs doesn\u0027t contain \"Hello from local.Pass\"\n    run_test.go:417: Full logs doesn\u0027t contain \"Completed test local.Pass\"\n    run_test.go:417: Full logs doesn\u0027t contain \"Started test local.Fail\"\n    run_test.go:417: Full logs doesn\u0027t contain \"Oops from local.Fail\"\n    run_test.go:417: Full logs doesn\u0027t contain \"Completed test local.Fail\"\n    run_test.go:417: Full logs doesn\u0027t contain \"Started test remote.Skip\"\n    run_test.go:417: Full logs doesn\u0027t contain \"Skipped test remote.Skip due to missing dependencies: missing SoftwareDeps: missing\"\n    run_test.go:417: Full logs doesn\u0027t contain \"Started test remote.Pass\"\n    run_test.go:417: Full logs doesn\u0027t contain \"Hello from remote.Pass\"\n    run_test.go:417: Full logs doesn\u0027t contain \"Completed test remote.Pass\"\n    run_test.go:417: Full logs doesn\u0027t contain \"Started test remote.Fail\"\n    run_test.go:417: Full logs doesn\u0027t contain \"Oops from remote.Fail\"\n    run_test.go:417: Full logs doesn\u0027t contain \"Completed test remote.Fail\"\n--- FAIL: TestRunOutputFiles (0.16s)\n    context.go:83: Connecting to 127.0.0.1:45707\n    context.go:74: Getting DUT info\n    run_test.go:457: Run failed: failed to build and push: failed to prepare primary DUT 127.0.0.1:45707: failed to retrieve DUT info: getting DUT info: ssh: command exec env http_proxy\u003dINTEL-PROXY-MASKED https_proxy\u003dINTEL-PROXY-MASKED no_proxy\u003dINTEL-PROXY-MASKED, localhost,.local,127.0.0.0/8 /fake/mock_local_test_runner -rpc failed\n    run_test.go:469: Failed to read tests/local.Out/out.txt: open /tmp/tast.3047572987/tast/results/latest/tests/local.Out/out.txt: no such file or directory\n    run_test.go:469: Failed to read tests/remote.Out/out.txt: open /tmp/tast.3047572987/tast/results/latest/tests/remote.Out/out.txt: no such file or directory\n--- FAIL: TestRunEphemeralDevserver (0.18s)\n    context.go:74: Starting ephemeral devserver at http://127.0.0.1:40449 for remote tests\n    context.go:83: Connecting to 127.0.0.1:39383\n    context.go:74: Getting DUT info\n    run_test.go:492: Run failed: failed to build and push: failed to prepare primary DUT 127.0.0.1:39383: failed to retrieve DUT info: getting DUT info: ssh: command exec env http_proxy\u003dINTEL-PROXY-MASKED https_proxy\u003dINTEL-PROXY-MASKED no_proxy\u003dINTEL-PROXY-MASKED, localhost,.local,127.0.0.0/8 /fake/mock_local_test_runner -rpc failed\n--- FAIL: TestRunDownloadPrivateBundles (0.11s)\n    context.go:83: Connecting to 127.0.0.1:45635\n    context.go:74: Getting DUT info\n    run_test.go:529: Run failed: failed to build and push: failed to prepare primary DUT 127.0.0.1:45635: failed to retrieve DUT info: getting DUT info: ssh: command exec env http_proxy\u003dINTEL-PROXY-MASKED https_proxy\u003dINTEL-PROXY-MASKED no_proxy\u003dINTEL-PROXY-MASKED, localhost,.local,127.0.0.0/8 /fake/mock_local_test_runner -rpc failed\n    run_test.go:534: DownloadPrivateBundles not called (-got +want):\n          map[string]struct{}{\n        + \t\"dut0\": {},\n        + \t\"dut1\": {},\n        + \t\"dut2\": {},\n          }\n--- FAIL: TestRunWithReports_LogStream (0.11s)\n\n\n\n```",
      "parentUuid": "07c011c2_9cb516be",
      "revId": "dd09965c8575d1476bdb2041bf4878f1c1dd8c6e",
      "serverId": "3ce6091f-6c88-37e8-8c75-72f92ae8dfba"
    },
    {
      "unresolved": false,
      "key": {
        "uuid": "3b9353fd_15c4562e",
        "filename": "/PATCHSET_LEVEL",
        "patchSetId": 3
      },
      "lineNbr": 0,
      "author": {
        "id": 1431492
      },
      "writtenOn": "2022-03-17T17:50:14Z",
      "side": 1,
      "message": "I guess your network setup is not compatible to the test. I think it is fine. Thanks.",
      "parentUuid": "de261b1e_f37aba8f",
      "revId": "dd09965c8575d1476bdb2041bf4878f1c1dd8c6e",
      "serverId": "3ce6091f-6c88-37e8-8c75-72f92ae8dfba"
    },
    {
      "unresolved": false,
      "key": {
        "uuid": "7bf72ae1_ee2585d0",
        "filename": "/PATCHSET_LEVEL",
        "patchSetId": 3
      },
      "lineNbr": 0,
      "author": {
        "id": 1431492
      },
      "writtenOn": "2022-03-17T17:50:14Z",
      "side": 1,
      "message": "LGTM",
      "revId": "dd09965c8575d1476bdb2041bf4878f1c1dd8c6e",
      "serverId": "3ce6091f-6c88-37e8-8c75-72f92ae8dfba"
    },
    {
      "unresolved": false,
      "key": {
        "uuid": "5e34df52_9b425793",
        "filename": "/PATCHSET_LEVEL",
        "patchSetId": 3
      },
      "lineNbr": 0,
      "author": {
        "id": 1366764
      },
      "writtenOn": "2022-03-21T03:13:59Z",
      "side": 1,
      "message": "Hi Po-Hsien Wang,\n\nCan you please review this CL?",
      "revId": "dd09965c8575d1476bdb2041bf4878f1c1dd8c6e",
      "serverId": "3ce6091f-6c88-37e8-8c75-72f92ae8dfba"
    },
    {
      "unresolved": true,
      "key": {
        "uuid": "757fd8d8_93287826",
        "filename": "src/chromiumos/tast/local/bundles/cros/apps/google_map_basic_check.go",
        "patchSetId": 3
      },
      "lineNbr": 151,
      "author": {
        "id": 1197299
      },
      "writtenOn": "2022-03-21T22:40:36Z",
      "side": 1,
      "message": "perceptually identical",
      "range": {
        "startLine": 151,
        "startChar": 41,
        "endLine": 151,
        "endChar": 50
      },
      "revId": "dd09965c8575d1476bdb2041bf4878f1c1dd8c6e",
      "serverId": "3ce6091f-6c88-37e8-8c75-72f92ae8dfba"
    },
    {
      "unresolved": false,
      "key": {
        "uuid": "43abd599_f15f8758",
        "filename": "src/chromiumos/tast/local/bundles/cros/apps/google_map_basic_check.go",
        "patchSetId": 3
      },
      "lineNbr": 151,
      "author": {
        "id": 1446889
      },
      "writtenOn": "2022-04-08T07:50:38Z",
      "side": 1,
      "message": "Done",
      "parentUuid": "757fd8d8_93287826",
      "range": {
        "startLine": 151,
        "startChar": 41,
        "endLine": 151,
        "endChar": 50
      },
      "revId": "dd09965c8575d1476bdb2041bf4878f1c1dd8c6e",
      "serverId": "3ce6091f-6c88-37e8-8c75-72f92ae8dfba"
    }
  ]
}